31-07-2018 15:13:23.761 [main] ERROR o.s.b.c.l.LoggingApplicationListener.setLogLevel - Cannot set level: fatal,debug,info,warn for 'null'
31-07-2018 15:13:23.768 [background-preinit] DEBUG o.h.v.m.ResourceBundleMessageInterpolator.buildExpressionFactory - Loaded expression factory via original TCCL
31-07-2018 15:13:23.775 [background-preinit] DEBUG o.h.v.i.engine.ValidatorFactoryImpl.logValidatorFactoryScopedConfiguration - HV000234: Using org.hibernate.validator.messageinterpolation.ResourceBundleMessageInterpolator as ValidatorFactory-scoped message interpolator.
31-07-2018 15:13:23.776 [background-preinit] DEBUG o.h.v.i.engine.ValidatorFactoryImpl.logValidatorFactoryScopedConfiguration - HV000234: Using org.hibernate.validator.internal.engine.resolver.TraverseAllTraversableResolver as ValidatorFactory-scoped traversable resolver.
31-07-2018 15:13:23.776 [background-preinit] DEBUG o.h.v.i.engine.ValidatorFactoryImpl.logValidatorFactoryScopedConfiguration - HV000234: Using org.hibernate.validator.internal.util.ExecutableParameterNameProvider as ValidatorFactory-scoped parameter name provider.
31-07-2018 15:13:23.776 [background-preinit] DEBUG o.h.v.i.engine.ValidatorFactoryImpl.logValidatorFactoryScopedConfiguration - HV000234: Using org.hibernate.validator.internal.engine.DefaultClockProvider as ValidatorFactory-scoped clock provider.
31-07-2018 15:13:23.776 [background-preinit] DEBUG o.h.v.i.engine.ValidatorFactoryImpl.logValidatorFactoryScopedConfiguration - HV000234: Using org.hibernate.validator.internal.engine.scripting.DefaultScriptEvaluatorFactory as ValidatorFactory-scoped script evaluator factory.
31-07-2018 15:13:23.858 [main] INFO  c.a.S.SpringBootProjectApplication.logStarting - Starting SpringBootProjectApplication on DIN34002824 with PID 8200 (D:\Users\rashegde\Desktop\WORKSPACE\Project\target\classes started by rashegde in D:\Users\rashegde\Desktop\WORKSPACE\Project)
31-07-2018 15:13:23.860 [main] INFO  c.a.S.SpringBootProjectApplication.logStartupProfileInfo - No active profile set, falling back to default profiles: default
31-07-2018 15:13:23.927 [main] INFO  o.s.b.w.s.c.AnnotationConfigServletWebServerApplicationContext.prepareRefresh - Refreshing org.springframework.boot.web.servlet.context.AnnotationConfigServletWebServerApplicationContext@77167fb7: startup date [Tue Jul 31 15:13:23 IST 2018]; root of context hierarchy
31-07-2018 15:13:25.132 [main] INFO  o.s.b.w.e.tomcat.TomcatWebServer.initialize - Tomcat initialized with port(s): 9999 (http)
31-07-2018 15:13:25.163 [main] INFO  o.a.catalina.core.StandardService.log - Starting service [Tomcat]
31-07-2018 15:13:25.164 [main] INFO  o.a.catalina.core.StandardEngine.log - Starting Servlet Engine: Apache Tomcat/8.5.31
31-07-2018 15:13:25.173 [localhost-startStop-1] INFO  o.a.c.core.AprLifecycleListener.log - The APR based Apache Tomcat Native library which allows optimal performance in production environments was not found on the java.library.path: [C:\Program Files\Java\jdk1.8.0_171\bin;C:\WINDOWS\Sun\Java\bin;C:\WINDOWS\system32;C:\WINDOWS;C:/Program Files/Java/JAVA_HOME/bin/server;C:/Program Files/Java/JAVA_HOME/bin;C:/Program Files/Java/JAVA_HOME/lib/amd64;C:\Program Files (x86)\Common Files\Oracle\Java\javapath;C:\ProgramData\Oracle\Java\javapath;C:\WINDOWS\system32;C:\WINDOWS;C:\WINDOWS\System32\Wbem;C:\WINDOWS\System32\WindowsPowerShell\v1.0\;C:\Program Files (x86)\QuickTime\QTSystem\;C:\Program Files\CapgeminiScripts\Support Tools\;C:\WINDOWS\System32\WindowsPowerShell\v1.0\;D:\Users\rashegde\Downloads\softwares\eclipse-jee-oxygen-3a-win32-x86_64\eclipse;;.]
31-07-2018 15:13:25.283 [localhost-startStop-1] INFO  o.a.c.c.C.[Tomcat].[localhost].[/].log - Initializing Spring embedded WebApplicationContext
31-07-2018 15:13:25.283 [localhost-startStop-1] INFO  o.s.web.context.ContextLoader.prepareWebApplicationContext - Root WebApplicationContext: initialization completed in 1356 ms
31-07-2018 15:13:25.421 [localhost-startStop-1] INFO  o.s.b.w.s.ServletRegistrationBean.addRegistration - Servlet dispatcherServlet mapped to [/]
31-07-2018 15:13:25.424 [localhost-startStop-1] INFO  o.s.b.w.s.FilterRegistrationBean.configure - Mapping filter: 'characterEncodingFilter' to: [/*]
31-07-2018 15:13:25.425 [localhost-startStop-1] INFO  o.s.b.w.s.FilterRegistrationBean.configure - Mapping filter: 'hiddenHttpMethodFilter' to: [/*]
31-07-2018 15:13:25.425 [localhost-startStop-1] INFO  o.s.b.w.s.FilterRegistrationBean.configure - Mapping filter: 'httpPutFormContentFilter' to: [/*]
31-07-2018 15:13:25.425 [localhost-startStop-1] INFO  o.s.b.w.s.FilterRegistrationBean.configure - Mapping filter: 'requestContextFilter' to: [/*]
31-07-2018 15:13:25.607 [main] DEBUG o.h.v.i.e.r.TraversableResolvers.getDefault - Cannot find javax.persistence.Persistence on classpath. Assuming non JPA 2 environment. All properties will per default be traversable.
31-07-2018 15:13:25.607 [main] DEBUG o.h.v.m.ResourceBundleMessageInterpolator.buildExpressionFactory - Loaded expression factory via original TCCL
31-07-2018 15:13:25.612 [main] DEBUG o.h.v.i.e.r.TraversableResolvers.getDefault - Cannot find javax.persistence.Persistence on classpath. Assuming non JPA 2 environment. All properties will per default be traversable.
31-07-2018 15:13:25.613 [main] DEBUG o.h.v.i.engine.ConfigurationImpl.messageInterpolator - Setting custom MessageInterpolator of type org.springframework.validation.beanvalidation.LocaleContextMessageInterpolator
31-07-2018 15:13:25.614 [main] DEBUG o.h.v.i.engine.ConfigurationImpl.constraintValidatorFactory - Setting custom ConstraintValidatorFactory of type org.springframework.validation.beanvalidation.SpringConstraintValidatorFactory
31-07-2018 15:13:25.614 [main] DEBUG o.h.v.i.engine.ConfigurationImpl.parameterNameProvider - Setting custom ParameterNameProvider of type org.springframework.validation.beanvalidation.LocalValidatorFactoryBean$1
31-07-2018 15:13:25.615 [main] DEBUG o.h.v.i.xml.ValidationXmlParser.getValidationXmlInputStream - Trying to load META-INF/validation.xml for XML based Validator configuration.
31-07-2018 15:13:25.616 [main] DEBUG o.h.v.i.xml.ResourceLoaderHelper.getResettableInputStreamForPath - Trying to load META-INF/validation.xml via user class loader
31-07-2018 15:13:25.616 [main] DEBUG o.h.v.i.xml.ResourceLoaderHelper.getResettableInputStreamForPath - Trying to load META-INF/validation.xml via TCCL
31-07-2018 15:13:25.616 [main] DEBUG o.h.v.i.xml.ResourceLoaderHelper.getResettableInputStreamForPath - Trying to load META-INF/validation.xml via Hibernate Validator's class loader
31-07-2018 15:13:25.616 [main] DEBUG o.h.v.i.xml.ValidationXmlParser.getValidationXmlInputStream - No META-INF/validation.xml found. Using annotation based configuration only.
31-07-2018 15:13:25.620 [main] DEBUG o.h.v.i.engine.ValidatorFactoryImpl.logValidatorFactoryScopedConfiguration - HV000234: Using org.springframework.validation.beanvalidation.LocaleContextMessageInterpolator as ValidatorFactory-scoped message interpolator.
31-07-2018 15:13:25.621 [main] DEBUG o.h.v.i.engine.ValidatorFactoryImpl.logValidatorFactoryScopedConfiguration - HV000234: Using org.hibernate.validator.internal.engine.resolver.TraverseAllTraversableResolver as ValidatorFactory-scoped traversable resolver.
31-07-2018 15:13:25.621 [main] DEBUG o.h.v.i.engine.ValidatorFactoryImpl.logValidatorFactoryScopedConfiguration - HV000234: Using org.hibernate.validator.internal.util.ExecutableParameterNameProvider as ValidatorFactory-scoped parameter name provider.
31-07-2018 15:13:25.621 [main] DEBUG o.h.v.i.engine.ValidatorFactoryImpl.logValidatorFactoryScopedConfiguration - HV000234: Using org.hibernate.validator.internal.engine.DefaultClockProvider as ValidatorFactory-scoped clock provider.
31-07-2018 15:13:25.621 [main] DEBUG o.h.v.i.engine.ValidatorFactoryImpl.logValidatorFactoryScopedConfiguration - HV000234: Using org.hibernate.validator.internal.engine.scripting.DefaultScriptEvaluatorFactory as ValidatorFactory-scoped script evaluator factory.
31-07-2018 15:13:25.666 [main] INFO  o.s.w.s.h.SimpleUrlHandlerMapping.registerHandler - Mapped URL path [/**/favicon.ico] onto handler of type [class org.springframework.web.servlet.resource.ResourceHttpRequestHandler]
31-07-2018 15:13:25.820 [main] INFO  o.s.w.s.m.m.a.RequestMappingHandlerAdapter.initControllerAdviceCache - Looking for @ControllerAdvice: org.springframework.boot.web.servlet.context.AnnotationConfigServletWebServerApplicationContext@77167fb7: startup date [Tue Jul 31 15:13:23 IST 2018]; root of context hierarchy
31-07-2018 15:13:25.882 [main] INFO  o.s.w.s.m.m.a.RequestMappingHandlerMapping.register - Mapped "{[/dining/register/{guestId}],methods=[POST]}" onto public org.springframework.http.ResponseEntity<com.app.SpringBootProject.bean.Dining> com.app.SpringBootProject.GuestController.DiningController.register(long,com.app.SpringBootProject.bean.Dining)
31-07-2018 15:13:25.883 [main] INFO  o.s.w.s.m.m.a.RequestMappingHandlerMapping.register - Mapped "{[/dining/update/{dReservationNumber}],methods=[PUT]}" onto public org.springframework.http.ResponseEntity<com.app.SpringBootProject.bean.Dining> com.app.SpringBootProject.GuestController.DiningController.updateDining(long,com.app.SpringBootProject.bean.Dining)
31-07-2018 15:13:25.885 [main] INFO  o.s.w.s.m.m.a.RequestMappingHandlerMapping.register - Mapped "{[/dining/get/{dReservationNumber}],methods=[GET]}" onto public org.springframework.http.ResponseEntity<com.app.SpringBootProject.bean.Dining> com.app.SpringBootProject.GuestController.DiningController.getDining(long)
31-07-2018 15:13:25.885 [main] INFO  o.s.w.s.m.m.a.RequestMappingHandlerMapping.register - Mapped "{[/dining/getall/{guestId}],methods=[GET]}" onto public java.util.List<com.app.SpringBootProject.bean.Dining> com.app.SpringBootProject.GuestController.DiningController.getAllDining(long)
31-07-2018 15:13:25.885 [main] INFO  o.s.w.s.m.m.a.RequestMappingHandlerMapping.register - Mapped "{[/dining/cancel/{dReservationNumber}],methods=[PUT]}" onto public org.springframework.http.ResponseEntity<com.app.SpringBootProject.bean.Dining> com.app.SpringBootProject.GuestController.DiningController.cancelDining(long)
31-07-2018 15:13:25.887 [main] INFO  o.s.w.s.m.m.a.RequestMappingHandlerMapping.register - Mapped "{[/guest/register],methods=[POST]}" onto public org.springframework.http.ResponseEntity<com.app.SpringBootProject.bean.Guest> com.app.SpringBootProject.GuestController.GuestController.register(com.app.SpringBootProject.bean.Guest)
31-07-2018 15:13:25.888 [main] INFO  o.s.w.s.m.m.a.RequestMappingHandlerMapping.register - Mapped "{[/guest/update/{guestId}],methods=[PUT]}" onto public org.springframework.http.ResponseEntity<com.app.SpringBootProject.bean.Guest> com.app.SpringBootProject.GuestController.GuestController.updateGuest(long,com.app.SpringBootProject.bean.Guest)
31-07-2018 15:13:25.888 [main] INFO  o.s.w.s.m.m.a.RequestMappingHandlerMapping.register - Mapped "{[/guest/get/{guestId}],methods=[GET]}" onto public org.springframework.http.ResponseEntity<com.app.SpringBootProject.bean.Guest> com.app.SpringBootProject.GuestController.GuestController.getResort(long)
31-07-2018 15:13:25.889 [main] INFO  o.s.w.s.m.m.a.RequestMappingHandlerMapping.register - Mapped "{[/guest/view/{guestId}],methods=[GET]}" onto public java.util.List com.app.SpringBootProject.GuestController.GuestController.viewItenarary(long)
31-07-2018 15:13:25.889 [main] INFO  o.s.w.s.m.m.a.RequestMappingHandlerMapping.register - Mapped "{[/guest/login],methods=[POST]}" onto public org.springframework.http.ResponseEntity<com.app.SpringBootProject.bean.Guest> com.app.SpringBootProject.GuestController.GuestController.login(com.app.SpringBootProject.bean.Guest)
31-07-2018 15:13:25.890 [main] INFO  o.s.w.s.m.m.a.RequestMappingHandlerMapping.register - Mapped "{[/resort/register/{guestId}],methods=[POST]}" onto public org.springframework.http.ResponseEntity<com.app.SpringBootProject.bean.Resort> com.app.SpringBootProject.GuestController.ResortController.register(long,com.app.SpringBootProject.bean.Resort)
31-07-2018 15:13:25.891 [main] INFO  o.s.w.s.m.m.a.RequestMappingHandlerMapping.register - Mapped "{[/resort/get/{rReservationNumber}],methods=[GET]}" onto public org.springframework.http.ResponseEntity<com.app.SpringBootProject.bean.Resort> com.app.SpringBootProject.GuestController.ResortController.getResort(long)
31-07-2018 15:13:25.891 [main] INFO  o.s.w.s.m.m.a.RequestMappingHandlerMapping.register - Mapped "{[/resort/update/{rReservationNumber}],methods=[PUT]}" onto public org.springframework.http.ResponseEntity<com.app.SpringBootProject.bean.Resort> com.app.SpringBootProject.GuestController.ResortController.updateResort(long,com.app.SpringBootProject.bean.Resort)
31-07-2018 15:13:25.891 [main] INFO  o.s.w.s.m.m.a.RequestMappingHandlerMapping.register - Mapped "{[/resort/getall/{guestId}],methods=[GET]}" onto public java.util.List<com.app.SpringBootProject.bean.Resort> com.app.SpringBootProject.GuestController.ResortController.getAllResort(long)
31-07-2018 15:13:25.892 [main] INFO  o.s.w.s.m.m.a.RequestMappingHandlerMapping.register - Mapped "{[/resort/cancel/{rReservationNumber}],methods=[PUT]}" onto public org.springframework.http.ResponseEntity<com.app.SpringBootProject.bean.Resort> com.app.SpringBootProject.GuestController.ResortController.cancelResort(long)
31-07-2018 15:13:25.894 [main] INFO  o.s.w.s.m.m.a.RequestMappingHandlerMapping.register - Mapped "{[/error]}" onto public org.springframework.http.ResponseEntity<java.util.Map<java.lang.String, java.lang.Object>> org.springframework.boot.autoconfigure.web.servlet.error.BasicErrorController.error(javax.servlet.http.HttpServletRequest)
31-07-2018 15:13:25.895 [main] INFO  o.s.w.s.m.m.a.RequestMappingHandlerMapping.register - Mapped "{[/error],produces=[text/html]}" onto public org.springframework.web.servlet.ModelAndView org.springframework.boot.autoconfigure.web.servlet.error.BasicErrorController.errorHtml(javax.servlet.http.HttpServletRequest,javax.servlet.http.HttpServletResponse)
31-07-2018 15:13:26.028 [main] INFO  o.s.w.s.h.SimpleUrlHandlerMapping.registerHandler - Mapped URL path [/webjars/**] onto handler of type [class org.springframework.web.servlet.resource.ResourceHttpRequestHandler]
31-07-2018 15:13:26.028 [main] INFO  o.s.w.s.h.SimpleUrlHandlerMapping.registerHandler - Mapped URL path [/**] onto handler of type [class org.springframework.web.servlet.resource.ResourceHttpRequestHandler]
31-07-2018 15:13:26.225 [main] INFO  o.s.j.e.a.AnnotationMBeanExporter.afterSingletonsInstantiated - Registering beans for JMX exposure on startup
31-07-2018 15:13:26.226 [main] INFO  o.s.j.e.a.AnnotationMBeanExporter.autodetect - Bean with name 'dataSource' has been autodetected for JMX exposure
31-07-2018 15:13:26.230 [main] INFO  o.s.j.e.a.AnnotationMBeanExporter.registerBeanInstance - Located MBean 'dataSource': registering with JMX server as MBean [com.zaxxer.hikari:name=dataSource,type=HikariDataSource]
31-07-2018 15:13:26.269 [main] INFO  o.s.b.w.e.tomcat.TomcatWebServer.start - Tomcat started on port(s): 9999 (http) with context path ''
31-07-2018 15:13:26.272 [main] INFO  c.a.S.SpringBootProjectApplication.logStarted - Started SpringBootProjectApplication in 2.789 seconds (JVM running for 3.377)
31-07-2018 15:13:26.275 [main] INFO  SpringBootProjectApplication.class.main - started. . .!!!
31-07-2018 15:13:29.872 [http-nio-9999-exec-1] INFO  o.a.c.c.C.[Tomcat].[localhost].[/].log - Initializing Spring FrameworkServlet 'dispatcherServlet'
31-07-2018 15:13:29.872 [http-nio-9999-exec-1] INFO  o.s.web.servlet.DispatcherServlet.initServletBean - FrameworkServlet 'dispatcherServlet': initialization started
31-07-2018 15:13:29.891 [http-nio-9999-exec-1] INFO  o.s.web.servlet.DispatcherServlet.initServletBean - FrameworkServlet 'dispatcherServlet': initialization completed in 19 ms
31-07-2018 15:13:30.021 [http-nio-9999-exec-1] INFO  com.zaxxer.hikari.HikariDataSource.getConnection - HikariPool-1 - Starting...
31-07-2018 15:13:30.234 [http-nio-9999-exec-1] INFO  com.zaxxer.hikari.HikariDataSource.getConnection - HikariPool-1 - Start completed.
31-07-2018 15:13:30.262 [http-nio-9999-exec-1] INFO  GuestDaoImpl.class.validate - DataAccessException occured while validating. . .!!!
